# JRE version: Java(TM) SE Runtime Environment (23.0.1+11) (build 23.0.1+11-39)
# Java VM: Java HotSpot(TM) 64-Bit Server VM (23.0.1+11-39, mixed mode, sharing, tiered, compressed oops, compressed class ptrs, g1 gc, windows-amd64)
GC Precious Log:
 CardTable entry size: 512
 Card Set container configuration: InlinePtr #cards 5 size 8 Array Of Cards #cards 10 size 36 Howl #buckets 4 coarsen threshold 1843 Howl Bitmap #cards 512 size 80 coarsen threshold 460 Card regions per heap region 1 cards per card region 2048
 CPUs: 4 total, 4 available
 Memory: 3891M
 Large Page Support: Disabled
 NUMA Support: Disabled
 Compressed Oops: Enabled (32-bit)
 Heap Region Size: 1M
 Heap Min Capacity: 8M
 Heap Initial Capacity: 62M
 Heap Max Capacity: 974M
 Pre-touch: Disabled
 Parallel Workers: 4
 Concurrent Workers: 1
 Concurrent Refinement Workers: 4
 Periodic GC: Disabled
Heap:
 garbage-first heap   total reserved 997376K, committed 63488K, used 37053K [0x00000000c3200000, 0x0000000100000000)
  region size 1024K, 22 young (22528K), 3 survivors (3072K)
 Metaspace       used 14578K, committed 14848K, reserved 1114112K
  class space    used 1553K, committed 1664K, reserved 1048576K
GC Heap History (18 events):
Event: 1.067 GC heap before
{Heap before GC invocations=0 (full 0):
 garbage-first heap   total reserved 997376K, committed 63488K, used 14336K [0x00000000c3200000, 0x0000000100000000)
  region size 1024K, 14 young (14336K), 0 survivors (0K)
 Metaspace       used 6532K, committed 6720K, reserved 1114112K
  class space    used 690K, committed 768K, reserved 1048576K
}
Event: 1.074 GC heap after
{Heap after GC invocations=1 (full 0):
 garbage-first heap   total reserved 997376K, committed 63488K, used 5728K [0x00000000c3200000, 0x0000000100000000)
  region size 1024K, 2 young (2048K), 2 survivors (2048K)
 Metaspace       used 6532K, committed 6720K, reserved 1114112K
  class space    used 690K, committed 768K, reserved 1048576K
}
Event: 2.061 GC heap before
{Heap before GC invocations=1 (full 0):
 garbage-first heap   total reserved 997376K, committed 63488K, used 18016K [0x00000000c3200000, 0x0000000100000000)
  region size 1024K, 14 young (14336K), 2 survivors (2048K)
 Metaspace       used 9828K, committed 10112K, reserved 1114112K
  class space    used 1101K, committed 1216K, reserved 1048576K
}
Event: 2.066 GC heap after
{Heap after GC invocations=2 (full 0):
 garbage-first heap   total reserved 997376K, committed 63488K, used 8660K [0x00000000c3200000, 0x0000000100000000)
  region size 1024K, 2 young (2048K), 2 survivors (2048K)
 Metaspace       used 9828K, committed 10112K, reserved 1114112K
  class space    used 1101K, committed 1216K, reserved 1048576K
}
Event: 4.828 GC heap before
{Heap before GC invocations=2 (full 0):
 garbage-first heap   total reserved 997376K, committed 63488K, used 42452K [0x00000000c3200000, 0x0000000100000000)
  region size 1024K, 27 young (27648K), 2 survivors (2048K)
 Metaspace       used 14353K, committed 14656K, reserved 1114112K
  class space    used 1538K, committed 1664K, reserved 1048576K
}
Event: 4.833 GC heap after
{Heap after GC invocations=3 (full 0):
 garbage-first heap   total reserved 997376K, committed 63488K, used 18256K [0x00000000c3200000, 0x0000000100000000)
  region size 1024K, 4 young (4096K), 4 survivors (4096K)
 Metaspace       used 14353K, committed 14656K, reserved 1114112K
  class space    used 1538K, committed 1664K, reserved 1048576K
}
Event: 6.239 GC heap before
{Heap before GC invocations=3 (full 0):
 garbage-first heap   total reserved 997376K, committed 63488K, used 40784K [0x00000000c3200000, 0x0000000100000000)
  region size 1024K, 26 young (26624K), 4 survivors (4096K)
 Metaspace       used 14405K, committed 14720K, reserved 1114112K
  class space    used 1538K, committed 1664K, reserved 1048576K
}
Event: 6.243 GC heap after
{Heap after GC invocations=4 (full 0):
 garbage-first heap   total reserved 997376K, committed 63488K, used 18430K [0x00000000c3200000, 0x0000000100000000)
  region size 1024K, 2 young (2048K), 2 survivors (2048K)
 Metaspace       used 14405K, committed 14720K, reserved 1114112K
  class space    used 1538K, committed 1664K, reserved 1048576K
}
Event: 7.835 GC heap before
{Heap before GC invocations=4 (full 0):
 garbage-first heap   total reserved 997376K, committed 63488K, used 45054K [0x00000000c3200000, 0x0000000100000000)
  region size 1024K, 28 young (28672K), 2 survivors (2048K)
 Metaspace       used 14419K, committed 14720K, reserved 1114112K
  class space    used 1540K, committed 1664K, reserved 1048576K
}
Event: 7.847 GC heap after
{Heap after GC invocations=5 (full 0):
 garbage-first heap   total reserved 997376K, committed 63488K, used 18367K [0x00000000c3200000, 0x0000000100000000)
  region size 1024K, 2 young (2048K), 2 survivors (2048K)
 Metaspace       used 14419K, committed 14720K, reserved 1114112K
  class space    used 1540K, committed 1664K, reserved 1048576K
}
Event: 9.730 GC heap before
{Heap before GC invocations=5 (full 0):
 garbage-first heap   total reserved 997376K, committed 63488K, used 51135K [0x00000000c3200000, 0x0000000100000000)
  region size 1024K, 30 young (30720K), 2 survivors (2048K)
 Metaspace       used 14542K, committed 14848K, reserved 1114112K
  class space    used 1553K, committed 1664K, reserved 1048576K
}
Event: 9.736 GC heap after
{Heap after GC invocations=6 (full 0):
 garbage-first heap   total reserved 997376K, committed 63488K, used 22707K [0x00000000c3200000, 0x0000000100000000)
  region size 1024K, 3 young (3072K), 3 survivors (3072K)
 Metaspace       used 14542K, committed 14848K, reserved 1114112K
  class space    used 1553K, committed 1664K, reserved 1048576K
}
Event: 11.161 GC heap before
{Heap before GC invocations=6 (full 0):
 garbage-first heap   total reserved 997376K, committed 63488K, used 50355K [0x00000000c3200000, 0x0000000100000000)
  region size 1024K, 30 young (30720K), 3 survivors (3072K)
 Metaspace       used 14542K, committed 14848K, reserved 1114112K
  class space    used 1553K, committed 1664K, reserved 1048576K
}
Event: 11.165 GC heap after
{Heap after GC invocations=7 (full 0):
 garbage-first heap   total reserved 997376K, committed 63488K, used 18520K [0x00000000c3200000, 0x0000000100000000)
  region size 1024K, 3 young (3072K), 3 survivors (3072K)
 Metaspace       used 14542K, committed 14848K, reserved 1114112K
  class space    used 1553K, committed 1664K, reserved 1048576K
}
Event: 12.748 GC heap before
{Heap before GC invocations=7 (full 0):
 garbage-first heap   total reserved 997376K, committed 63488K, used 54360K [0x00000000c3200000, 0x0000000100000000)
  region size 1024K, 34 young (34816K), 3 survivors (3072K)
 Metaspace       used 14560K, committed 14848K, reserved 1114112K
  class space    used 1553K, committed 1664K, reserved 1048576K
}
Event: 12.753 GC heap after
{Heap after GC invocations=8 (full 0):
 garbage-first heap   total reserved 997376K, committed 63488K, used 22789K [0x00000000c3200000, 0x0000000100000000)
  region size 1024K, 3 young (3072K), 3 survivors (3072K)
 Metaspace       used 14560K, committed 14848K, reserved 1114112K
  class space    used 1553K, committed 1664K, reserved 1048576K
}
Event: 14.088 GC heap before
{Heap before GC invocations=8 (full 0):
 garbage-first heap   total reserved 997376K, committed 63488K, used 52485K [0x00000000c3200000, 0x0000000100000000)
  region size 1024K, 32 young (32768K), 3 survivors (3072K)
 Metaspace       used 14561K, committed 14848K, reserved 1114112K
  class space    used 1553K, committed 1664K, reserved 1048576K
}
Event: 14.091 GC heap after
{Heap after GC invocations=9 (full 0):
 garbage-first heap   total reserved 997376K, committed 63488K, used 18621K [0x00000000c3200000, 0x0000000100000000)
  region size 1024K, 3 young (3072K), 3 survivors (3072K)
 Metaspace       used 14561K, committed 14848K, reserved 1114112K
  class space    used 1553K, committed 1664K, reserved 1048576K
}

