# JRE version: Java(TM) SE Runtime Environment (23.0.1+11) (build 23.0.1+11-39)
# Java VM: Java HotSpot(TM) 64-Bit Server VM (23.0.1+11-39, mixed mode, sharing, tiered, compressed oops, compressed class ptrs, g1 gc, windows-amd64)
GC Precious Log:
 CardTable entry size: 512
 Card Set container configuration: InlinePtr #cards 5 size 8 Array Of Cards #cards 10 size 36 Howl #buckets 4 coarsen threshold 1843 Howl Bitmap #cards 512 size 80 coarsen threshold 460 Card regions per heap region 1 cards per card region 2048
 CPUs: 4 total, 4 available
 Memory: 3891M
 Large Page Support: Disabled
 NUMA Support: Disabled
 Compressed Oops: Enabled (32-bit)
 Heap Region Size: 1M
 Heap Min Capacity: 8M
 Heap Initial Capacity: 62M
 Heap Max Capacity: 974M
 Pre-touch: Disabled
 Parallel Workers: 4
 Concurrent Workers: 1
 Concurrent Refinement Workers: 4
 Periodic GC: Disabled
Heap:
 garbage-first heap   total reserved 997376K, committed 63488K, used 34125K [0x00000000c3200000, 0x0000000100000000)
  region size 1024K, 2 young (2048K), 2 survivors (2048K)
 Metaspace       used 26706K, committed 27008K, reserved 1114112K
  class space    used 3142K, committed 3264K, reserved 1048576K
GC Heap History (17 events):
Event: 3.962 GC heap before
{Heap before GC invocations=0 (full 0):
 garbage-first heap   total reserved 997376K, committed 63488K, used 14336K [0x00000000c3200000, 0x0000000100000000)
  region size 1024K, 14 young (14336K), 0 survivors (0K)
 Metaspace       used 4492K, committed 4672K, reserved 1114112K
  class space    used 487K, committed 576K, reserved 1048576K
}
Event: 4.076 GC heap after
{Heap after GC invocations=1 (full 0):
 garbage-first heap   total reserved 997376K, committed 63488K, used 3456K [0x00000000c3200000, 0x0000000100000000)
  region size 1024K, 2 young (2048K), 2 survivors (2048K)
 Metaspace       used 4492K, committed 4672K, reserved 1114112K
  class space    used 487K, committed 576K, reserved 1048576K
}
Event: 4.859 GC heap before
{Heap before GC invocations=1 (full 0):
 garbage-first heap   total reserved 997376K, committed 63488K, used 15744K [0x00000000c3200000, 0x0000000100000000)
  region size 1024K, 15 young (15360K), 2 survivors (2048K)
 Metaspace       used 6333K, committed 6528K, reserved 1114112K
  class space    used 763K, committed 896K, reserved 1048576K
}
Event: 4.864 GC heap after
{Heap after GC invocations=2 (full 0):
 garbage-first heap   total reserved 997376K, committed 63488K, used 4276K [0x00000000c3200000, 0x0000000100000000)
  region size 1024K, 1 young (1024K), 1 survivors (1024K)
 Metaspace       used 6333K, committed 6528K, reserved 1114112K
  class space    used 763K, committed 896K, reserved 1048576K
}
Event: 5.893 GC heap before
{Heap before GC invocations=2 (full 0):
 garbage-first heap   total reserved 997376K, committed 63488K, used 33972K [0x00000000c3200000, 0x0000000100000000)
  region size 1024K, 30 young (30720K), 1 survivors (1024K)
 Metaspace       used 11258K, committed 11456K, reserved 1114112K
  class space    used 1379K, committed 1472K, reserved 1048576K
}
Event: 5.898 GC heap after
{Heap after GC invocations=3 (full 0):
 garbage-first heap   total reserved 997376K, committed 63488K, used 6342K [0x00000000c3200000, 0x0000000100000000)
  region size 1024K, 3 young (3072K), 3 survivors (3072K)
 Metaspace       used 11258K, committed 11456K, reserved 1114112K
  class space    used 1379K, committed 1472K, reserved 1048576K
}
Event: 7.491 GC heap before
{Heap before GC invocations=3 (full 0):
 garbage-first heap   total reserved 997376K, committed 63488K, used 36038K [0x00000000c3200000, 0x0000000100000000)
  region size 1024K, 32 young (32768K), 3 survivors (3072K)
 Metaspace       used 15771K, committed 16000K, reserved 1114112K
  class space    used 1927K, committed 2048K, reserved 1048576K
}
Event: 7.504 GC heap after
{Heap after GC invocations=4 (full 0):
 garbage-first heap   total reserved 997376K, committed 63488K, used 8765K [0x00000000c3200000, 0x0000000100000000)
  region size 1024K, 4 young (4096K), 4 survivors (4096K)
 Metaspace       used 15771K, committed 16000K, reserved 1114112K
  class space    used 1927K, committed 2048K, reserved 1048576K
}
Event: 8.400 GC heap before
{Heap before GC invocations=4 (full 0):
 garbage-first heap   total reserved 997376K, committed 63488K, used 40509K [0x00000000c3200000, 0x0000000100000000)
  region size 1024K, 35 young (35840K), 4 survivors (4096K)
 Metaspace       used 17145K, committed 17408K, reserved 1114112K
  class space    used 2047K, committed 2176K, reserved 1048576K
}
Event: 8.411 GC heap after
{Heap after GC invocations=5 (full 0):
 garbage-first heap   total reserved 997376K, committed 63488K, used 11285K [0x00000000c3200000, 0x0000000100000000)
  region size 1024K, 5 young (5120K), 5 survivors (5120K)
 Metaspace       used 17145K, committed 17408K, reserved 1114112K
  class space    used 2047K, committed 2176K, reserved 1048576K
}
Event: 9.720 GC heap before
{Heap before GC invocations=5 (full 0):
 garbage-first heap   total reserved 997376K, committed 63488K, used 31765K [0x00000000c3200000, 0x0000000100000000)
  region size 1024K, 22 young (22528K), 5 survivors (5120K)
 Metaspace       used 21219K, committed 21504K, reserved 1114112K
  class space    used 2590K, committed 2688K, reserved 1048576K
}
Event: 9.736 GC heap after
{Heap after GC invocations=6 (full 0):
 garbage-first heap   total reserved 997376K, committed 63488K, used 20107K [0x00000000c3200000, 0x0000000100000000)
  region size 1024K, 5 young (5120K), 5 survivors (5120K)
 Metaspace       used 21219K, committed 21504K, reserved 1114112K
  class space    used 2590K, committed 2688K, reserved 1048576K
}
Event: 10.686 GC heap before
{Heap before GC invocations=7 (full 0):
 garbage-first heap   total reserved 997376K, committed 63488K, used 46731K [0x00000000c3200000, 0x0000000100000000)
  region size 1024K, 31 young (31744K), 5 survivors (5120K)
 Metaspace       used 25354K, committed 25600K, reserved 1114112K
  class space    used 3024K, committed 3136K, reserved 1048576K
}
Event: 10.708 GC heap after
{Heap after GC invocations=8 (full 0):
 garbage-first heap   total reserved 997376K, committed 63488K, used 29019K [0x00000000c3200000, 0x0000000100000000)
  region size 1024K, 4 young (4096K), 4 survivors (4096K)
 Metaspace       used 25354K, committed 25600K, reserved 1114112K
  class space    used 3024K, committed 3136K, reserved 1048576K
}
Event: 11.177 GC heap before
{Heap before GC invocations=8 (full 0):
 garbage-first heap   total reserved 997376K, committed 63488K, used 49499K [0x00000000c3200000, 0x0000000100000000)
  region size 1024K, 24 young (24576K), 4 survivors (4096K)
 Metaspace       used 26073K, committed 26368K, reserved 1114112K
  class space    used 3085K, committed 3200K, reserved 1048576K
}
Event: 11.193 GC heap after
{Heap after GC invocations=9 (full 0):
 garbage-first heap   total reserved 997376K, committed 63488K, used 32432K [0x00000000c3200000, 0x0000000100000000)
  region size 1024K, 3 young (3072K), 3 survivors (3072K)
 Metaspace       used 26073K, committed 26368K, reserved 1114112K
  class space    used 3085K, committed 3200K, reserved 1048576K
}
Event: 11.853 GC heap before
{Heap before GC invocations=9 (full 0):
 garbage-first heap   total reserved 997376K, committed 63488K, used 50864K [0x00000000c3200000, 0x0000000100000000)
  region size 1024K, 21 young (21504K), 3 survivors (3072K)
 Metaspace       used 26706K, committed 27008K, reserved 1114112K
  class space    used 3142K, committed 3264K, reserved 1048576K
}

